[debug] [2023-11-13T20:02:44.842Z] ----------------------------------------------------------------------
[debug] [2023-11-13T20:02:44.847Z] Command:       C:\Program Files\nodejs\node.exe C:\Users\Pucho\AppData\Roaming\npm\node_modules\firebase-tools\lib\bin\firebase.js init
[debug] [2023-11-13T20:02:44.848Z] CLI Version:   12.8.1
[debug] [2023-11-13T20:02:44.848Z] Platform:      win32
[debug] [2023-11-13T20:02:44.849Z] Node Version:  v20.1.0
[debug] [2023-11-13T20:02:44.849Z] Time:          Mon Nov 13 2023 17:02:44 GMT-0300 (hora estándar de Argentina)
[debug] [2023-11-13T20:02:44.849Z] ----------------------------------------------------------------------
[debug] 
[debug] [2023-11-13T20:02:44.863Z] > command requires scopes: ["email","openid","https://www.googleapis.com/auth/cloudplatformprojects.readonly","https://www.googleapis.com/auth/firebase","https://www.googleapis.com/auth/cloud-platform"]
[debug] [2023-11-13T20:02:44.864Z] > authorizing via signed-in user (alexisporcelano@gmail.com)
[info] 
     ######## #### ########  ######## ########     ###     ######  ########
     ##        ##  ##     ## ##       ##     ##  ##   ##  ##       ##
     ######    ##  ########  ######   ########  #########  ######  ######
     ##        ##  ##    ##  ##       ##     ## ##     ##       ## ##
     ##       #### ##     ## ######## ########  ##     ##  ######  ########

You're about to initialize a Firebase project in this directory:

  C:\Users\Pucho\OneDrive\Escritorio\bootcamp\modulo LABS\PF\GymSpaceFront

[info] 
=== Project Setup
[info] 
[info] First, let's associate this project directory with a Firebase project.
[info] You can create multiple project aliases by running firebase use --add, 
[info] but for now we'll just set up a default project.
[info] 
[debug] [2023-11-13T20:03:25.118Z] >>> [apiv2][query] GET https://firebase.googleapis.com/v1beta1/projects pageSize=100
[debug] [2023-11-13T20:03:26.130Z] <<< [apiv2][status] GET https://firebase.googleapis.com/v1beta1/projects 200
[debug] [2023-11-13T20:03:26.131Z] <<< [apiv2][body] GET https://firebase.googleapis.com/v1beta1/projects [omitted]
[info] i  Using project gymspace-d93d8 (GymSpace) 
[info] 
=== Hosting Setup
[info] 
[info] Your public directory is the folder (relative to your project directory) that
[info] will contain Hosting assets to be uploaded with firebase deploy. If you
[info] have a build process for your assets, use your build's output directory.
[info] 
[debug] [2023-11-13T20:04:03.719Z] >>> [apiv2][query] GET https://www.gstatic.com/firebasejs/releases.json [none]
[debug] [2023-11-13T20:04:03.826Z] <<< [apiv2][status] GET https://www.gstatic.com/firebasejs/releases.json 200
[debug] [2023-11-13T20:04:03.827Z] <<< [apiv2][body] GET https://www.gstatic.com/firebasejs/releases.json {"current":{"version":"10.6.0","browserURL":"https://www.gstatic.com/firebasejs/10.6.0/firebase.js","packageURL":"https://www.gstatic.com/firebasejs/10.6.0/firebase.tgz"},"live":{"version":"10.6","browserURL":"https://www.gstatic.com/firebasejs/live/10.6/firebase.js","packageURL":"https://www.gstatic.com/firebasejs/live/10.6/firebase.tgz"},"components":{"analytics":"https://www.gstatic.com/firebasejs/10.6.0/firebase-analytics.js","app":"https://www.gstatic.com/firebasejs/10.6.0/firebase-app.js","app-check":"https://www.gstatic.com/firebasejs/10.6.0/firebase-app-check.js","auth":"https://www.gstatic.com/firebasejs/10.6.0/firebase-auth.js","auth/cordova":"https://www.gstatic.com/firebasejs/10.6.0/firebase-auth/cordova.js","functions":"https://www.gstatic.com/firebasejs/10.6.0/firebase-functions.js","firestore":"https://www.gstatic.com/firebasejs/10.6.0/firebase-firestore.js","firestore/lite":"https://www.gstatic.com/firebasejs/10.6.0/firebase-firestore/lite.js","installations":"https://www.gstatic.com/firebasejs/10.6.0/firebase-installations.js","storage":"https://www.gstatic.com/firebasejs/10.6.0/firebase-storage.js","performance":"https://www.gstatic.com/firebasejs/10.6.0/firebase-performance.js","remote-config":"https://www.gstatic.com/firebasejs/10.6.0/firebase-remote-config.js","messaging":"https://www.gstatic.com/firebasejs/10.6.0/firebase-messaging.js","messaging/sw":"https://www.gstatic.com/firebasejs/10.6.0/firebase-messaging/sw.js","database":"https://www.gstatic.com/firebasejs/10.6.0/firebase-database.js","firestore.memory":"https://www.gstatic.com/firebasejs/10.6.0/firebase-firestore.memory.js"}}
[info] +  Wrote (public)/index.html 
[info] 
[info] i  Detected a .git folder at C:\Users\Pucho\OneDrive\Escritorio\bootcamp\modulo LABS\PF\GymSpaceFront 
[info] i  Authorizing with GitHub to upload your service account to a GitHub repository's secrets store. 
[info] 
[info] Visit this URL on this device to log in:
[info] https://github.com/login/oauth/authorize?client_id=89cf50f02ac6aaed3484&state=127619921&redirect_uri=http%3A%2F%2Flocalhost%3A9005&scope=read%3Auser%20repo%20public_repo
[info] 
[info] Waiting for authentication...
[debug] [2023-11-13T20:04:21.695Z] >>> [apiv2][query] POST https://github.com/login/oauth/access_token [none]
[debug] [2023-11-13T20:04:21.696Z] >>> [apiv2][body] POST https://github.com/login/oauth/access_token [stream]
[debug] [2023-11-13T20:04:22.068Z] <<< [apiv2][status] POST https://github.com/login/oauth/access_token 200
[debug] [2023-11-13T20:04:22.068Z] <<< [apiv2][body] POST https://github.com/login/oauth/access_token {"access_token":"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","token_type":"bearer","scope":"read:user,repo"}
[debug] [2023-11-13T20:04:22.080Z] >>> [apiv2][query] GET https://api.github.com/user [none]
[debug] [2023-11-13T20:04:22.522Z] <<< [apiv2][status] GET https://api.github.com/user 200
[debug] [2023-11-13T20:04:22.522Z] <<< [apiv2][body] GET https://api.github.com/user {"login":"AlexisPorcelano","id":80598923,"node_id":"MDQ6VXNlcjgwNTk4OTIz","avatar_url":"https://avatars.githubusercontent.com/u/80598923?v=4","gravatar_id":"","url":"https://api.github.com/users/AlexisPorcelano","html_url":"https://github.com/AlexisPorcelano","followers_url":"https://api.github.com/users/AlexisPorcelano/followers","following_url":"https://api.github.com/users/AlexisPorcelano/following{/other_user}","gists_url":"https://api.github.com/users/AlexisPorcelano/gists{/gist_id}","starred_url":"https://api.github.com/users/AlexisPorcelano/starred{/owner}{/repo}","subscriptions_url":"https://api.github.com/users/AlexisPorcelano/subscriptions","organizations_url":"https://api.github.com/users/AlexisPorcelano/orgs","repos_url":"https://api.github.com/users/AlexisPorcelano/repos","events_url":"https://api.github.com/users/AlexisPorcelano/events{/privacy}","received_events_url":"https://api.github.com/users/AlexisPorcelano/received_events","type":"User","site_admin":false,"name":null,"company":null,"blog":"","location":null,"email":null,"hireable":null,"bio":null,"twitter_username":null,"public_repos":11,"public_gists":0,"followers":0,"following":0,"created_at":"2021-03-13T19:23:24Z","updated_at":"2023-10-04T21:20:43Z","private_gists":0,"total_private_repos":4,"owned_private_repos":2,"disk_usage":101336,"collaborators":0,"two_factor_authentication":false,"plan":{"name":"free","space":976562499,"collaborators":0,"private_repos":10000}}
[info] 
[info] +  Success! Logged into GitHub as AlexisPorcelano 
[info] 
[debug] [2023-11-13T20:04:32.158Z] >>> [apiv2][query] GET https://api.github.com/repos//actions/secrets/public-key type=owner
[debug] [2023-11-13T20:04:32.481Z] <<< [apiv2][status] GET https://api.github.com/repos//actions/secrets/public-key 404
[debug] [2023-11-13T20:04:32.482Z] <<< [apiv2][body] GET https://api.github.com/repos//actions/secrets/public-key {"message":"Not Found","documentation_url":"https://docs.github.com/rest"}
[info] 
[info] 
[error] !  The provided authorization cannot be used with this repository. If this repository is in an organization, did you remember to grant access? 
[info] 
[info] i  Action required: Visit this URL to ensure access has been granted to the appropriate organization(s) for the Firebase CLI GitHub OAuth App: 
[info] https://github.com/settings/connections/applications/89cf50f02ac6aaed3484
[info] 
[debug] [2023-11-13T20:04:49.261Z] >>> [apiv2][query] GET https://api.github.com/repos/cancel/actions/secrets/public-key type=owner
[debug] [2023-11-13T20:04:49.572Z] <<< [apiv2][status] GET https://api.github.com/repos/cancel/actions/secrets/public-key 404
[debug] [2023-11-13T20:04:49.572Z] <<< [apiv2][body] GET https://api.github.com/repos/cancel/actions/secrets/public-key {"message":"Not Found","documentation_url":"https://docs.github.com/rest"}
[info] 
[info] 
[error] !  The provided authorization cannot be used with this repository. If this repository is in an organization, did you remember to grant access? 
[info] 
[info] i  Action required: Visit this URL to ensure access has been granted to the appropriate organization(s) for the Firebase CLI GitHub OAuth App: 
[info] https://github.com/settings/connections/applications/89cf50f02ac6aaed3484
[info] 
